Построение начато 27.10.2018 15:33:30.
     1>Проект "D:\tp2\tp2\tp2.vcxproj" в узле 2 (целевые объекты build).
     1>InitializeBuildStatus:
         Создание "Debug\tp2.unsuccessfulbuild", так как было задано "AlwaysCreate".
       ClCompile:
         C:\Program Files (x86)\Microsoft Visual Studio 10.0\VC\bin\CL.exe /c /ZI /nologo /W3 /WX- /Od /Oy- /D WIN32 /D _DEBUG /D _CONSOLE /D _UNICODE /D UNICODE /Gm /EHsc /RTC1 /MDd /GS /fp:precise /Zc:wchar_t /Zc:forScope /Fo"Debug\\" /Fd"Debug\vc100.pdb" /Gd /TP /analyze- /errorReport:prompt stdafx.cpp tp2.cpp
         tp2.cpp
     1>d:\tp2\tp2\tp2.cpp(29): warning C4018: <: несоответствие типов со знаком и без знака
     1>d:\tp2\tp2\tp2.cpp(12): warning C4101: e: неиспользованная локальная переменная
         Создание кода...
         Компиляция...
         stdafx.cpp
         Создание кода...
       ManifestResourceCompile:
         Для всех выходных данных обновления не требуется.
       Link:
         C:\Program Files (x86)\Microsoft Visual Studio 10.0\VC\bin\link.exe /ERRORREPORT:PROMPT /OUT:"D:\tp2\Debug\tp2.exe" /INCREMENTAL /NOLOGO kernel32.lib user32.lib gdi32.lib winspool.lib comdlg32.lib advapi32.lib shell32.lib ole32.lib oleaut32.lib uuid.lib odbc32.lib odbccp32.lib /MANIFEST /ManifestFile:"Debug\tp2.exe.intermediate.manifest" /MANIFESTUAC:"level='asInvoker' uiAccess='false'" /DEBUG /PDB:"D:\tp2\Debug\tp2.pdb" /SUBSYSTEM:CONSOLE /TLBID:1 /DYNAMICBASE /NXCOMPAT /IMPLIB:"D:\tp2\Debug\tp2.lib" /MACHINE:X86 Debug\tp2.exe.embed.manifest.res
         Debug\stdafx.obj
         Debug\tp2.obj
       Manifest:
         C:\Program Files (x86)\Microsoft SDKs\Windows\v7.0A\bin\mt.exe /nologo /verbose /out:"Debug\tp2.exe.embed.manifest" /manifest Debug\tp2.exe.intermediate.manifest
         Для всех выходных данных обновления не требуется.
       LinkEmbedManifest:
         Для всех выходных данных обновления не требуется.
         tp2.vcxproj -> D:\tp2\Debug\tp2.exe
       FinalizeBuildStatus:
         Файл "Debug\tp2.unsuccessfulbuild" удаляется.
         Обращение к "Debug\tp2.lastbuildstate".
     1>Построение проекта "D:\tp2\tp2\tp2.vcxproj" завершено (целевые объекты build).

Построение успешно завершено.

Затраченное время: 00:00:09.94
